2017-06-28 10:04:42,060 - Created: 20 parsers.
2017-06-28 10:04:42,060 - Velocimacro : initialization starting.
2017-06-28 10:04:42,060 - Velocimacro : adding VMs from VM library template : VM_global_library.vm
2017-06-28 10:04:42,076 - ResourceManager : unable to find resource 'VM_global_library.vm' in any resource loader.
2017-06-28 10:04:42,076 - Velocimacro : error using  VM library template VM_global_library.vm : org.apache.velocity.exception.ResourceNotFoundException: Unable to find resource 'VM_global_library.vm'
2017-06-28 10:04:42,076 - Velocimacro :  VM library template macro registration complete.
2017-06-28 10:04:42,076 - Velocimacro : allowInline = true : VMs can be defined inline in templates
2017-06-28 10:04:42,076 - Velocimacro : allowInlineToOverride = false : VMs defined inline may NOT replace previous VM definitions
2017-06-28 10:04:42,076 - Velocimacro : allowInlineLocal = false : VMs defined inline will be  global in scope if allowed.
2017-06-28 10:04:42,076 - Velocimacro : messages on  : VM system will output logging messages
2017-06-28 10:04:42,076 - Velocimacro : autoload off  : VM system will not automatically reload global library macros
2017-06-28 10:04:42,076 - Velocimacro : initialization complete.
2017-06-28 10:04:42,076 - Velocity successfully started.
2017-06-28 10:08:49,815 - SimpleLog4JLogSystem initialized using logfile 'velocity.log'
2017-06-28 10:08:49,815 - ************************************************************** 
2017-06-28 10:08:49,815 - Starting Jakarta Velocity v1.4
2017-06-28 10:08:49,815 - RuntimeInstance initializing.
2017-06-28 10:08:49,815 - Default Properties File: org\apache\velocity\runtime\defaults\velocity.properties
2017-06-28 10:08:49,815 - Trying to use logger class org.apache.velocity.runtime.log.SimpleLog4JLogSystem
2017-06-28 10:08:49,815 - Using logger class org.apache.velocity.runtime.log.SimpleLog4JLogSystem
2017-06-28 10:08:49,815 - Default ResourceManager initializing. (class org.apache.velocity.runtime.resource.ResourceManagerImpl)
2017-06-28 10:08:49,815 - Resource Loader Instantiated: org.apache.velocity.runtime.resource.loader.ClasspathResourceLoader
2017-06-28 10:08:49,815 - ClasspathResourceLoader : initialization starting.
2017-06-28 10:08:49,815 - ClasspathResourceLoader : initialization complete.
2017-06-28 10:08:49,815 - ResourceCache : initialized. (class org.apache.velocity.runtime.resource.ResourceCacheImpl)
2017-06-28 10:08:49,815 - Default ResourceManager initialization complete.
2017-06-28 10:08:49,815 - Loaded System Directive: org.apache.velocity.runtime.directive.Literal
2017-06-28 10:08:49,815 - Loaded System Directive: org.apache.velocity.runtime.directive.Macro
2017-06-28 10:08:49,831 - Loaded System Directive: org.apache.velocity.runtime.directive.Parse
2017-06-28 10:08:49,831 - Loaded System Directive: org.apache.velocity.runtime.directive.Include
2017-06-28 10:08:49,831 - Loaded System Directive: org.apache.velocity.runtime.directive.Foreach
2017-06-28 10:08:49,853 - Created: 20 parsers.
2017-06-28 10:08:49,869 - Velocimacro : initialization starting.
2017-06-28 10:08:49,869 - Velocimacro : adding VMs from VM library template : VM_global_library.vm
2017-06-28 10:08:49,869 - ResourceManager : unable to find resource 'VM_global_library.vm' in any resource loader.
2017-06-28 10:08:49,869 - Velocimacro : error using  VM library template VM_global_library.vm : org.apache.velocity.exception.ResourceNotFoundException: Unable to find resource 'VM_global_library.vm'
2017-06-28 10:08:49,869 - Velocimacro :  VM library template macro registration complete.
2017-06-28 10:08:49,869 - Velocimacro : allowInline = true : VMs can be defined inline in templates
2017-06-28 10:08:49,869 - Velocimacro : allowInlineToOverride = false : VMs defined inline may NOT replace previous VM definitions
2017-06-28 10:08:49,869 - Velocimacro : allowInlineLocal = false : VMs defined inline will be  global in scope if allowed.
2017-06-28 10:08:49,869 - Velocimacro : messages on  : VM system will output logging messages
2017-06-28 10:08:49,869 - Velocimacro : autoload off  : VM system will not automatically reload global library macros
2017-06-28 10:08:49,869 - Velocimacro : initialization complete.
2017-06-28 10:08:49,869 - Velocity successfully started.
2017-06-28 10:11:00,179 - SimpleLog4JLogSystem initialized using logfile 'velocity.log'
2017-06-28 10:11:00,179 - ************************************************************** 
2017-06-28 10:11:00,179 - Starting Jakarta Velocity v1.4
2017-06-28 10:11:00,179 - RuntimeInstance initializing.
2017-06-28 10:11:00,179 - Default Properties File: org\apache\velocity\runtime\defaults\velocity.properties
2017-06-28 10:11:00,179 - Trying to use logger class org.apache.velocity.runtime.log.SimpleLog4JLogSystem
2017-06-28 10:11:00,179 - Using logger class org.apache.velocity.runtime.log.SimpleLog4JLogSystem
2017-06-28 10:11:00,179 - Default ResourceManager initializing. (class org.apache.velocity.runtime.resource.ResourceManagerImpl)
2017-06-28 10:11:00,179 - Resource Loader Instantiated: org.apache.velocity.runtime.resource.loader.ClasspathResourceLoader
2017-06-28 10:11:00,179 - ClasspathResourceLoader : initialization starting.
2017-06-28 10:11:00,179 - ClasspathResourceLoader : initialization complete.
2017-06-28 10:11:00,179 - ResourceCache : initialized. (class org.apache.velocity.runtime.resource.ResourceCacheImpl)
2017-06-28 10:11:00,179 - Default ResourceManager initialization complete.
2017-06-28 10:11:00,194 - Loaded System Directive: org.apache.velocity.runtime.directive.Literal
2017-06-28 10:11:00,194 - Loaded System Directive: org.apache.velocity.runtime.directive.Macro
2017-06-28 10:11:00,194 - Loaded System Directive: org.apache.velocity.runtime.directive.Parse
2017-06-28 10:11:00,194 - Loaded System Directive: org.apache.velocity.runtime.directive.Include
2017-06-28 10:11:00,194 - Loaded System Directive: org.apache.velocity.runtime.directive.Foreach
2017-06-28 10:11:00,226 - Created: 20 parsers.
2017-06-28 10:11:00,241 - Velocimacro : initialization starting.
2017-06-28 10:11:00,241 - Velocimacro : adding VMs from VM library template : VM_global_library.vm
2017-06-28 10:11:00,248 - ResourceManager : unable to find resource 'VM_global_library.vm' in any resource loader.
2017-06-28 10:11:00,248 - Velocimacro : error using  VM library template VM_global_library.vm : org.apache.velocity.exception.ResourceNotFoundException: Unable to find resource 'VM_global_library.vm'
2017-06-28 10:11:00,248 - Velocimacro :  VM library template macro registration complete.
2017-06-28 10:11:00,248 - Velocimacro : allowInline = true : VMs can be defined inline in templates
2017-06-28 10:11:00,248 - Velocimacro : allowInlineToOverride = false : VMs defined inline may NOT replace previous VM definitions
2017-06-28 10:11:00,248 - Velocimacro : allowInlineLocal = false : VMs defined inline will be  global in scope if allowed.
2017-06-28 10:11:00,248 - Velocimacro : messages on  : VM system will output logging messages
2017-06-28 10:11:00,248 - Velocimacro : autoload off  : VM system will not automatically reload global library macros
2017-06-28 10:11:00,248 - Velocimacro : initialization complete.
2017-06-28 10:11:00,248 - Velocity successfully started.
2017-06-28 10:14:45,722 - SimpleLog4JLogSystem initialized using logfile 'velocity.log'
2017-06-28 10:14:45,722 - ************************************************************** 
2017-06-28 10:14:45,722 - Starting Jakarta Velocity v1.4
2017-06-28 10:14:45,722 - RuntimeInstance initializing.
2017-06-28 10:14:45,722 - Default Properties File: org\apache\velocity\runtime\defaults\velocity.properties
2017-06-28 10:14:45,722 - Trying to use logger class org.apache.velocity.runtime.log.SimpleLog4JLogSystem
2017-06-28 10:14:45,722 - Using logger class org.apache.velocity.runtime.log.SimpleLog4JLogSystem
2017-06-28 10:14:45,722 - Default ResourceManager initializing. (class org.apache.velocity.runtime.resource.ResourceManagerImpl)
2017-06-28 10:14:45,722 - Resource Loader Instantiated: org.apache.velocity.runtime.resource.loader.ClasspathResourceLoader
2017-06-28 10:14:45,722 - ClasspathResourceLoader : initialization starting.
2017-06-28 10:14:45,722 - ClasspathResourceLoader : initialization complete.
2017-06-28 10:14:45,722 - ResourceCache : initialized. (class org.apache.velocity.runtime.resource.ResourceCacheImpl)
2017-06-28 10:14:45,722 - Default ResourceManager initialization complete.
2017-06-28 10:14:45,741 - Loaded System Directive: org.apache.velocity.runtime.directive.Literal
2017-06-28 10:14:45,743 - Loaded System Directive: org.apache.velocity.runtime.directive.Macro
2017-06-28 10:14:45,745 - Loaded System Directive: org.apache.velocity.runtime.directive.Parse
2017-06-28 10:14:45,745 - Loaded System Directive: org.apache.velocity.runtime.directive.Include
2017-06-28 10:14:45,745 - Loaded System Directive: org.apache.velocity.runtime.directive.Foreach
2017-06-28 10:14:45,776 - Created: 20 parsers.
2017-06-28 10:14:45,776 - Velocimacro : initialization starting.
2017-06-28 10:14:45,776 - Velocimacro : adding VMs from VM library template : VM_global_library.vm
2017-06-28 10:14:45,791 - ResourceManager : unable to find resource 'VM_global_library.vm' in any resource loader.
2017-06-28 10:14:45,791 - Velocimacro : error using  VM library template VM_global_library.vm : org.apache.velocity.exception.ResourceNotFoundException: Unable to find resource 'VM_global_library.vm'
2017-06-28 10:14:45,791 - Velocimacro :  VM library template macro registration complete.
2017-06-28 10:14:45,791 - Velocimacro : allowInline = true : VMs can be defined inline in templates
2017-06-28 10:14:45,791 - Velocimacro : allowInlineToOverride = false : VMs defined inline may NOT replace previous VM definitions
2017-06-28 10:14:45,791 - Velocimacro : allowInlineLocal = false : VMs defined inline will be  global in scope if allowed.
2017-06-28 10:14:45,791 - Velocimacro : messages on  : VM system will output logging messages
2017-06-28 10:14:45,791 - Velocimacro : autoload off  : VM system will not automatically reload global library macros
2017-06-28 10:14:45,791 - Velocimacro : initialization complete.
2017-06-28 10:14:45,791 - Velocity successfully started.
2017-06-28 10:18:42,434 - SimpleLog4JLogSystem initialized using logfile 'velocity.log'
2017-06-28 10:18:42,434 - ************************************************************** 
2017-06-28 10:18:42,434 - Starting Jakarta Velocity v1.4
2017-06-28 10:18:42,434 - RuntimeInstance initializing.
2017-06-28 10:18:42,434 - Default Properties File: org\apache\velocity\runtime\defaults\velocity.properties
2017-06-28 10:18:42,434 - Trying to use logger class org.apache.velocity.runtime.log.SimpleLog4JLogSystem
2017-06-28 10:18:42,434 - Using logger class org.apache.velocity.runtime.log.SimpleLog4JLogSystem
2017-06-28 10:18:42,434 - Default ResourceManager initializing. (class org.apache.velocity.runtime.resource.ResourceManagerImpl)
2017-06-28 10:18:42,450 - Resource Loader Instantiated: org.apache.velocity.runtime.resource.loader.ClasspathResourceLoader
2017-06-28 10:18:42,450 - ClasspathResourceLoader : initialization starting.
2017-06-28 10:18:42,450 - ClasspathResourceLoader : initialization complete.
2017-06-28 10:18:42,450 - ResourceCache : initialized. (class org.apache.velocity.runtime.resource.ResourceCacheImpl)
2017-06-28 10:18:42,450 - Default ResourceManager initialization complete.
2017-06-28 10:18:42,450 - Loaded System Directive: org.apache.velocity.runtime.directive.Literal
2017-06-28 10:18:42,450 - Loaded System Directive: org.apache.velocity.runtime.directive.Macro
2017-06-28 10:18:42,450 - Loaded System Directive: org.apache.velocity.runtime.directive.Parse
2017-06-28 10:18:42,450 - Loaded System Directive: org.apache.velocity.runtime.directive.Include
2017-06-28 10:18:42,450 - Loaded System Directive: org.apache.velocity.runtime.directive.Foreach
2017-06-28 10:18:42,497 - Created: 20 parsers.
2017-06-28 10:18:42,512 - Velocimacro : initialization starting.
2017-06-28 10:18:42,512 - Velocimacro : adding VMs from VM library template : VM_global_library.vm
2017-06-28 10:18:42,525 - ResourceManager : unable to find resource 'VM_global_library.vm' in any resource loader.
2017-06-28 10:18:42,525 - Velocimacro : error using  VM library template VM_global_library.vm : org.apache.velocity.exception.ResourceNotFoundException: Unable to find resource 'VM_global_library.vm'
2017-06-28 10:18:42,525 - Velocimacro :  VM library template macro registration complete.
2017-06-28 10:18:42,525 - Velocimacro : allowInline = true : VMs can be defined inline in templates
2017-06-28 10:18:42,525 - Velocimacro : allowInlineToOverride = false : VMs defined inline may NOT replace previous VM definitions
2017-06-28 10:18:42,525 - Velocimacro : allowInlineLocal = false : VMs defined inline will be  global in scope if allowed.
2017-06-28 10:18:42,525 - Velocimacro : messages on  : VM system will output logging messages
2017-06-28 10:18:42,525 - Velocimacro : autoload off  : VM system will not automatically reload global library macros
2017-06-28 10:18:42,525 - Velocimacro : initialization complete.
2017-06-28 10:18:42,525 - Velocity successfully started.
2017-06-28 10:22:12,138 - SimpleLog4JLogSystem initialized using logfile 'velocity.log'
2017-06-28 10:22:12,138 - ************************************************************** 
2017-06-28 10:22:12,138 - Starting Jakarta Velocity v1.4
2017-06-28 10:22:12,138 - RuntimeInstance initializing.
2017-06-28 10:22:12,138 - Default Properties File: org\apache\velocity\runtime\defaults\velocity.properties
2017-06-28 10:22:12,138 - Trying to use logger class org.apache.velocity.runtime.log.SimpleLog4JLogSystem
2017-06-28 10:22:12,138 - Using logger class org.apache.velocity.runtime.log.SimpleLog4JLogSystem
2017-06-28 10:22:12,154 - Default ResourceManager initializing. (class org.apache.velocity.runtime.resource.ResourceManagerImpl)
2017-06-28 10:22:12,154 - Resource Loader Instantiated: org.apache.velocity.runtime.resource.loader.ClasspathResourceLoader
2017-06-28 10:22:12,154 - ClasspathResourceLoader : initialization starting.
2017-06-28 10:22:12,154 - ClasspathResourceLoader : initialization complete.
2017-06-28 10:22:12,154 - ResourceCache : initialized. (class org.apache.velocity.runtime.resource.ResourceCacheImpl)
2017-06-28 10:22:12,154 - Default ResourceManager initialization complete.
2017-06-28 10:22:12,154 - Loaded System Directive: org.apache.velocity.runtime.directive.Literal
2017-06-28 10:22:12,154 - Loaded System Directive: org.apache.velocity.runtime.directive.Macro
2017-06-28 10:22:12,154 - Loaded System Directive: org.apache.velocity.runtime.directive.Parse
2017-06-28 10:22:12,154 - Loaded System Directive: org.apache.velocity.runtime.directive.Include
2017-06-28 10:22:12,169 - Loaded System Directive: org.apache.velocity.runtime.directive.Foreach
2017-06-28 10:22:12,201 - Created: 20 parsers.
2017-06-28 10:22:12,201 - Velocimacro : initialization starting.
2017-06-28 10:22:12,201 - Velocimacro : adding VMs from VM library template : VM_global_library.vm
2017-06-28 10:22:12,223 - ResourceManager : unable to find resource 'VM_global_library.vm' in any resource loader.
2017-06-28 10:22:12,223 - Velocimacro : error using  VM library template VM_global_library.vm : org.apache.velocity.exception.ResourceNotFoundException: Unable to find resource 'VM_global_library.vm'
2017-06-28 10:22:12,223 - Velocimacro :  VM library template macro registration complete.
2017-06-28 10:22:12,223 - Velocimacro : allowInline = true : VMs can be defined inline in templates
2017-06-28 10:22:12,223 - Velocimacro : allowInlineToOverride = false : VMs defined inline may NOT replace previous VM definitions
2017-06-28 10:22:12,223 - Velocimacro : allowInlineLocal = false : VMs defined inline will be  global in scope if allowed.
2017-06-28 10:22:12,223 - Velocimacro : messages on  : VM system will output logging messages
2017-06-28 10:22:12,223 - Velocimacro : autoload off  : VM system will not automatically reload global library macros
2017-06-28 10:22:12,223 - Velocimacro : initialization complete.
2017-06-28 10:22:12,223 - Velocity successfully started.
2017-06-28 10:23:26,687 - SimpleLog4JLogSystem initialized using logfile 'velocity.log'
2017-06-28 10:23:26,687 - ************************************************************** 
2017-06-28 10:23:26,687 - Starting Jakarta Velocity v1.4
2017-06-28 10:23:26,687 - RuntimeInstance initializing.
2017-06-28 10:23:26,687 - Default Properties File: org\apache\velocity\runtime\defaults\velocity.properties
2017-06-28 10:23:26,687 - Trying to use logger class org.apache.velocity.runtime.log.SimpleLog4JLogSystem
2017-06-28 10:23:26,687 - Using logger class org.apache.velocity.runtime.log.SimpleLog4JLogSystem
2017-06-28 10:23:26,687 - Default ResourceManager initializing. (class org.apache.velocity.runtime.resource.ResourceManagerImpl)
2017-06-28 10:23:26,703 - Resource Loader Instantiated: org.apache.velocity.runtime.resource.loader.ClasspathResourceLoader
2017-06-28 10:23:26,703 - ClasspathResourceLoader : initialization starting.
2017-06-28 10:23:26,703 - ClasspathResourceLoader : initialization complete.
2017-06-28 10:23:26,703 - ResourceCache : initialized. (class org.apache.velocity.runtime.resource.ResourceCacheImpl)
2017-06-28 10:23:26,703 - Default ResourceManager initialization complete.
2017-06-28 10:23:26,703 - Loaded System Directive: org.apache.velocity.runtime.directive.Literal
2017-06-28 10:23:26,703 - Loaded System Directive: org.apache.velocity.runtime.directive.Macro
2017-06-28 10:23:26,703 - Loaded System Directive: org.apache.velocity.runtime.directive.Parse
2017-06-28 10:23:26,718 - Loaded System Directive: org.apache.velocity.runtime.directive.Include
2017-06-28 10:23:26,718 - Loaded System Directive: org.apache.velocity.runtime.directive.Foreach
2017-06-28 10:23:26,734 - Created: 20 parsers.
2017-06-28 10:23:26,750 - Velocimacro : initialization starting.
2017-06-28 10:23:26,750 - Velocimacro : adding VMs from VM library template : VM_global_library.vm
2017-06-28 10:23:26,765 - ResourceManager : unable to find resource 'VM_global_library.vm' in any resource loader.
2017-06-28 10:23:26,765 - Velocimacro : error using  VM library template VM_global_library.vm : org.apache.velocity.exception.ResourceNotFoundException: Unable to find resource 'VM_global_library.vm'
2017-06-28 10:23:26,765 - Velocimacro :  VM library template macro registration complete.
2017-06-28 10:23:26,765 - Velocimacro : allowInline = true : VMs can be defined inline in templates
2017-06-28 10:23:26,765 - Velocimacro : allowInlineToOverride = false : VMs defined inline may NOT replace previous VM definitions
2017-06-28 10:23:26,765 - Velocimacro : allowInlineLocal = false : VMs defined inline will be  global in scope if allowed.
2017-06-28 10:23:26,765 - Velocimacro : messages on  : VM system will output logging messages
2017-06-28 10:23:26,765 - Velocimacro : autoload off  : VM system will not automatically reload global library macros
2017-06-28 10:23:26,765 - Velocimacro : initialization complete.
2017-06-28 10:23:26,765 - Velocity successfully started.
2017-06-28 10:24:13,669 - SimpleLog4JLogSystem initialized using logfile 'velocity.log'
2017-06-28 10:24:13,669 - ************************************************************** 
2017-06-28 10:24:13,669 - Starting Jakarta Velocity v1.4
2017-06-28 10:24:13,669 - RuntimeInstance initializing.
2017-06-28 10:24:13,669 - Default Properties File: org\apache\velocity\runtime\defaults\velocity.properties
2017-06-28 10:24:13,669 - Trying to use logger class org.apache.velocity.runtime.log.SimpleLog4JLogSystem
2017-06-28 10:24:13,669 - Using logger class org.apache.velocity.runtime.log.SimpleLog4JLogSystem
2017-06-28 10:24:13,685 - Default ResourceManager initializing. (class org.apache.velocity.runtime.resource.ResourceManagerImpl)
2017-06-28 10:24:13,685 - Resource Loader Instantiated: org.apache.velocity.runtime.resource.loader.ClasspathResourceLoader
2017-06-28 10:24:13,685 - ClasspathResourceLoader : initialization starting.
2017-06-28 10:24:13,685 - ClasspathResourceLoader : initialization complete.
2017-06-28 10:24:13,685 - ResourceCache : initialized. (class org.apache.velocity.runtime.resource.ResourceCacheImpl)
2017-06-28 10:24:13,685 - Default ResourceManager initialization complete.
2017-06-28 10:24:13,685 - Loaded System Directive: org.apache.velocity.runtime.directive.Literal
2017-06-28 10:24:13,685 - Loaded System Directive: org.apache.velocity.runtime.directive.Macro
2017-06-28 10:24:13,685 - Loaded System Directive: org.apache.velocity.runtime.directive.Parse
2017-06-28 10:24:13,685 - Loaded System Directive: org.apache.velocity.runtime.directive.Include
2017-06-28 10:24:13,685 - Loaded System Directive: org.apache.velocity.runtime.directive.Foreach
2017-06-28 10:24:13,716 - Created: 20 parsers.
2017-06-28 10:24:13,732 - Velocimacro : initialization starting.
2017-06-28 10:24:13,732 - Velocimacro : adding VMs from VM library template : VM_global_library.vm
2017-06-28 10:24:13,732 - ResourceManager : unable to find resource 'VM_global_library.vm' in any resource loader.
2017-06-28 10:24:13,732 - Velocimacro : error using  VM library template VM_global_library.vm : org.apache.velocity.exception.ResourceNotFoundException: Unable to find resource 'VM_global_library.vm'
2017-06-28 10:24:13,748 - Velocimacro :  VM library template macro registration complete.
2017-06-28 10:24:13,748 - Velocimacro : allowInline = true : VMs can be defined inline in templates
2017-06-28 10:24:13,748 - Velocimacro : allowInlineToOverride = false : VMs defined inline may NOT replace previous VM definitions
2017-06-28 10:24:13,748 - Velocimacro : allowInlineLocal = false : VMs defined inline will be  global in scope if allowed.
2017-06-28 10:24:13,748 - Velocimacro : messages on  : VM system will output logging messages
2017-06-28 10:24:13,748 - Velocimacro : autoload off  : VM system will not automatically reload global library macros
2017-06-28 10:24:13,748 - Velocimacro : initialization complete.
2017-06-28 10:24:13,748 - Velocity successfully started.
2017-06-28 10:26:47,845 - SimpleLog4JLogSystem initialized using logfile 'velocity.log'
2017-06-28 10:26:47,845 - ************************************************************** 
2017-06-28 10:26:47,845 - Starting Jakarta Velocity v1.4
2017-06-28 10:26:47,845 - RuntimeInstance initializing.
2017-06-28 10:26:47,845 - Default Properties File: org\apache\velocity\runtime\defaults\velocity.properties
2017-06-28 10:26:47,845 - Trying to use logger class org.apache.velocity.runtime.log.SimpleLog4JLogSystem
2017-06-28 10:26:47,845 - Using logger class org.apache.velocity.runtime.log.SimpleLog4JLogSystem
2017-06-28 10:26:47,860 - Default ResourceManager initializing. (class org.apache.velocity.runtime.resource.ResourceManagerImpl)
2017-06-28 10:26:47,860 - Resource Loader Instantiated: org.apache.velocity.runtime.resource.loader.ClasspathResourceLoader
2017-06-28 10:26:47,860 - ClasspathResourceLoader : initialization starting.
2017-06-28 10:26:47,860 - ClasspathResourceLoader : initialization complete.
2017-06-28 10:26:47,860 - ResourceCache : initialized. (class org.apache.velocity.runtime.resource.ResourceCacheImpl)
2017-06-28 10:26:47,860 - Default ResourceManager initialization complete.
2017-06-28 10:26:47,860 - Loaded System Directive: org.apache.velocity.runtime.directive.Literal
2017-06-28 10:26:47,860 - Loaded System Directive: org.apache.velocity.runtime.directive.Macro
2017-06-28 10:26:47,860 - Loaded System Directive: org.apache.velocity.runtime.directive.Parse
2017-06-28 10:26:47,860 - Loaded System Directive: org.apache.velocity.runtime.directive.Include
2017-06-28 10:26:47,860 - Loaded System Directive: org.apache.velocity.runtime.directive.Foreach
2017-06-28 10:26:47,898 - Created: 20 parsers.
2017-06-28 10:26:47,898 - Velocimacro : initialization starting.
2017-06-28 10:26:47,898 - Velocimacro : adding VMs from VM library template : VM_global_library.vm
2017-06-28 10:26:47,914 - ResourceManager : unable to find resource 'VM_global_library.vm' in any resource loader.
2017-06-28 10:26:47,914 - Velocimacro : error using  VM library template VM_global_library.vm : org.apache.velocity.exception.ResourceNotFoundException: Unable to find resource 'VM_global_library.vm'
2017-06-28 10:26:47,914 - Velocimacro :  VM library template macro registration complete.
2017-06-28 10:26:47,914 - Velocimacro : allowInline = true : VMs can be defined inline in templates
2017-06-28 10:26:47,914 - Velocimacro : allowInlineToOverride = false : VMs defined inline may NOT replace previous VM definitions
2017-06-28 10:26:47,914 - Velocimacro : allowInlineLocal = false : VMs defined inline will be  global in scope if allowed.
2017-06-28 10:26:47,914 - Velocimacro : messages on  : VM system will output logging messages
2017-06-28 10:26:47,914 - Velocimacro : autoload off  : VM system will not automatically reload global library macros
2017-06-28 10:26:47,914 - Velocimacro : initialization complete.
2017-06-28 10:26:47,914 - Velocity successfully started.
